<?xml version="1.0" encoding="UTF-8"?>
<testsuite xmlns:xsi="http://www.w3.org/2001/XMLSchema-instance" xsi:noNamespaceSchemaLocation="https://maven.apache.org/surefire/maven-surefire-plugin/xsd/surefire-test-report.xsd" version="3.0.2" name="com.tunindex.market_tool.MarketToolApplicationTests" time="20.563" tests="1" errors="0" skipped="0" failures="0" flakes="0">
  <properties>
[...]
</properties>
  <testcase name="contextLoads" classname="com.tunindex.market_tool.MarketToolApplicationTests" time="0.66">
    <system-out><![CDATA[23:06:39.029 [main] INFO org.springframework.test.context.support.AnnotationConfigContextLoaderUtils -- Could not detect default configuration classes for test class [com.tunindex.market_tool.MarketToolApplicationTests]: MarketToolApplicationTests does not declare any static, non-private, non-final, nested classes annotated with @Configuration.
23:06:39.182 [main] INFO org.springframework.boot.test.context.SpringBootTestContextBootstrapper -- Found @SpringBootConfiguration com.tunindex.market_tool.MarketToolApplication for test class com.tunindex.market_tool.MarketToolApplicationTests
23:06:39.384 [main] INFO org.springframework.boot.devtools.restart.RestartApplicationListener -- Restart disabled due to context in which it is running

  .   ____          _            __ _ _
 /\\ / ___'_ __ _ _(_)_ __  __ _ \ \ \ \
( ( )\___ | '_ | '_| | '_ \/ _` | \ \ \ \
 \\/  ___)| |_)| | | | | || (_| |  ) ) ) )
  '  |____| .__|_| |_|_| |_\__, | / / / /
 =========|_|==============|___/=/_/_/_/

 :: Spring Boot ::               (v3.5.13)

2026-04-28T23:06:39.681Z  INFO 19052 --- [market-tool] [           main] c.t.m.MarketToolApplicationTests         : Starting MarketToolApplicationTests using Java 17.0.12 with PID 19052 (started by msi in C:\Users\msi\OneDrive\Bureau\market-tool)
2026-04-28T23:06:39.682Z DEBUG 19052 --- [market-tool] [           main] c.t.m.MarketToolApplicationTests         : Running with Spring Boot v3.5.13, Spring v6.2.17
2026-04-28T23:06:39.683Z  INFO 19052 --- [market-tool] [           main] c.t.m.MarketToolApplicationTests         : No active profile set, falling back to 1 default profile: "default"
2026-04-28T23:06:40.717Z  INFO 19052 --- [market-tool] [           main] .s.d.r.c.RepositoryConfigurationDelegate : Bootstrapping Spring Data JPA repositories in DEFAULT mode.
2026-04-28T23:06:40.970Z  INFO 19052 --- [market-tool] [           main] .s.d.r.c.RepositoryConfigurationDelegate : Finished Spring Data repository scanning in 240 ms. Found 1 JPA repository interface.
2026-04-28T23:06:43.484Z  INFO 19052 --- [market-tool] [           main] o.hibernate.jpa.internal.util.LogHelper  : HHH000204: Processing PersistenceUnitInfo [name: default]
2026-04-28T23:06:43.953Z  INFO 19052 --- [market-tool] [           main] org.hibernate.Version                    : HHH000412: Hibernate ORM core version 6.6.45.Final
2026-04-28T23:06:44.201Z  INFO 19052 --- [market-tool] [           main] o.h.c.internal.RegionFactoryInitiator    : HHH000026: Second-level cache disabled
2026-04-28T23:06:45.644Z  INFO 19052 --- [market-tool] [           main] o.s.o.j.p.SpringPersistenceUnitInfo      : No LoadTimeWeaver setup: ignoring JPA class transformer
2026-04-28T23:06:45.793Z  INFO 19052 --- [market-tool] [           main] com.zaxxer.hikari.HikariDataSource       : HikariPool-1 - Starting...
2026-04-28T23:06:46.331Z  INFO 19052 --- [market-tool] [           main] com.zaxxer.hikari.pool.HikariPool        : HikariPool-1 - Added connection org.postgresql.jdbc.PgConnection@26a33cf
2026-04-28T23:06:46.343Z  INFO 19052 --- [market-tool] [           main] com.zaxxer.hikari.HikariDataSource       : HikariPool-1 - Start completed.
2026-04-28T23:06:46.458Z  WARN 19052 --- [market-tool] [           main] org.hibernate.orm.deprecation            : HHH90000025: PostgreSQLDialect does not need to be specified explicitly using 'hibernate.dialect' (remove the property setting and it will be selected by default)
2026-04-28T23:06:46.613Z  INFO 19052 --- [market-tool] [           main] org.hibernate.orm.connections.pooling    : HHH10001005: Database info:
	Database JDBC URL [Connecting through datasource 'HikariDataSource (HikariPool-1)']
	Database driver: undefined/unknown
	Database version: 18.3
	Autocommit mode: undefined/unknown
	Isolation level: undefined/unknown
	Minimum pool size: undefined/unknown
	Maximum pool size: undefined/unknown
2026-04-28T23:06:50.180Z  INFO 19052 --- [market-tool] [           main] o.h.e.t.j.p.i.JtaPlatformInitiator       : HHH000489: No JTA platform available (set 'hibernate.transaction.jta.platform' to enable JTA platform integration)
2026-04-28T23:06:50.382Z  INFO 19052 --- [market-tool] [           main] j.LocalContainerEntityManagerFactoryBean : Initialized JPA EntityManagerFactory for persistence unit 'default'
2026-04-28T23:06:52.287Z  INFO 19052 --- [market-tool] [           main] o.s.d.j.r.query.QueryEnhancerFactory     : Hibernate is in classpath; If applicable, HQL parser will be used.
2026-04-28T23:06:56.188Z  INFO 19052 --- [market-tool] [           main] c.t.m.c.w.BrowserFingerprintGenerator    : BrowserFingerprintGenerator initialized with 3 platforms, 6 user agents, 8 languages
2026-04-28T23:06:56.197Z  INFO 19052 --- [market-tool] [           main] c.t.m.core.webscraping.SimpleCache       : Cache cleanup scheduler started (every 60 seconds)
2026-04-28T23:06:56.200Z  INFO 19052 --- [market-tool] [           main] c.t.m.core.webscraping.UserAgentManager  : Loaded 13 user agents
2026-04-28T23:06:57.142Z  WARN 19052 --- [market-tool] [           main] JpaBaseConfiguration$JpaWebConfiguration : spring.jpa.open-in-view is enabled by default. Therefore, database queries may be performed during view rendering. Explicitly configure spring.jpa.open-in-view to disable this warning
2026-04-28T23:06:58.701Z  INFO 19052 --- [market-tool] [           main] c.t.m.MarketToolApplicationTests         : Started MarketToolApplicationTests in 19.333 seconds (process running for 20.352)
2026-04-28T23:06:58.709Z  INFO 19052 --- [market-tool] [           main] c.t.market_tool.MarketToolApplication    : ============================================================
2026-04-28T23:06:58.710Z  INFO 19052 --- [market-tool] [           main] c.t.market_tool.MarketToolApplication    : ? Market Tool Application Started
2026-04-28T23:06:58.711Z  INFO 19052 --- [market-tool] [           main] c.t.market_tool.MarketToolApplication    : ? Web server running on http://localhost:8082
2026-04-28T23:06:58.711Z  INFO 19052 --- [market-tool] [           main] c.t.market_tool.MarketToolApplication    : ??  Max workers: 10
2026-04-28T23:06:58.712Z  INFO 19052 --- [market-tool] [           main] c.t.market_tool.MarketToolApplication    : ??  Scheduler interval: 30 minutes
2026-04-28T23:06:58.712Z  INFO 19052 --- [market-tool] [           main] c.t.market_tool.MarketToolApplication    : ============================================================
2026-04-28T23:06:58.714Z  INFO 19052 --- [market-tool] [           main] c.t.market_tool.MarketToolApplication    : ? Background pipeline worker started (daemon thread)
]]></system-out>
  </testcase>
</testsuite>